<?xml version="1.0" encoding="UTF-8"?>
<testsuite xmlns:xsi="http://www.w3.org/2001/XMLSchema-instance" xsi:noNamespaceSchemaLocation="https://maven.apache.org/surefire/maven-surefire-plugin/xsd/surefire-test-report.xsd" name="models.AtletaTest" time="0.046" tests="5" errors="0" skipped="0" failures="0">
  <properties>
[...]
</properties>
  <testcase name="AtletaFeminioTemSexoFeminino" classname="models.AtletaTest" time="0.017"/>
  <testcase name="AtletaMasculinoTemSexoMasculino" classname="models.AtletaTest" time="0"/>
  <testcase name="AtletaMasculinoTemSexoDisplayMasculino" classname="models.AtletaTest" time="0.001"/>
  <testcase name="AtletaComNomeJoaoTemNomeJoao" classname="models.AtletaTest" time="0.002"/>
  <testcase name="AtletaFemininoTemSexoDisplayFeminino" classname="models.AtletaTest" time="0"/>
</testsuite>